  Moc'ing demoq.h...
  Uic'ing demoq.ui...
  Moc'ing demoq_main.h...
  Moc'ing qcustom_titlebar.h...
  Moc'ing authmanager.h...
  Moc'ing qloading_pushbutton.h...
  Moc'ing qmarked_lineedit.h...
  Rcc'ing demoq.qrc...
  Uic'ing mainscreen.ui...
  authmanager.cpp
  demoq.cpp
  demoq_main.cpp
  moc_authmanager.cpp
  moc_demoq.cpp
  moc_demoq_main.cpp
  moc_qcustom_titlebar.cpp
  moc_qloading_pushbutton.cpp
  moc_qmarked_lineedit.cpp
  main.cpp
  qcustom_titlebar.cpp
  qloading_pushbutton.cpp
  qmarked_lineedit.cpp
  Generating Code...
  qrc_demoq.cpp
  demoQ.vcxproj -> C:\Users\MIG\documents\visual studio 2015\Projects\demoQ\Win32\Debug\demoQ.exe
  demoQ.vcxproj -> C:\Users\MIG\documents\visual studio 2015\Projects\demoQ\Win32\Debug\demoQ.pdb (Full PDB)
